<?xml version="1.0" encoding="UTF-8"?>
<!-- Generated by org.testng.reporters.JUnitReportReporter -->
<testsuite hostname="DESKTOP-9FAH4T5" failures="0" tests="1" name="project.Mavenjava.SeleniumTest" time="0.008" errors="0" timestamp="2021-04-21T13:21:08 TRT" skipped="0">
  <testcase classname="project.Mavenjava.SeleniumTest" name="BrowserAutomation" time="0.008"/>
  <system-out/>
</testsuite> <!-- project.Mavenjava.SeleniumTest -->
