<?xml version="1.0" encoding="UTF-8"?>
<!-- Generated by org.testng.reporters.JUnitReportReporter -->
<testsuite skipped="0" hostname="DESKTOP-9FAH4T5" name="project.Mavenjava.AppTest" tests="1" failures="0" timestamp="2021-04-21T13:21:22 EEST" time="0.010" errors="0">
  <testcase name="shouldAnswerWithTrue" time="0.010" classname="project.Mavenjava.AppTest"/>
  <system-out/>
</testsuite> <!-- project.Mavenjava.AppTest -->
