<?xml version="1.0" encoding="UTF-8"?>
<!-- Generated by org.testng.reporters.JUnitReportReporter -->
<testsuite skipped="0" hostname="DESKTOP-9FAH4T5" name="project.Mavenjava.Test1" tests="1" failures="0" timestamp="2021-04-21T13:21:22 EEST" time="0.000" errors="0">
  <testcase name="deleteX" time="0.000" classname="project.Mavenjava.Test1"/>
  <system-out/>
</testsuite> <!-- project.Mavenjava.Test1 -->
