<?xml version="1.0" encoding="UTF-8"?>
<!-- Generated by org.testng.reporters.JUnitReportReporter -->
<testsuite skipped="0" hostname="DESKTOP-9FAH4T5" name="project.Mavenjava.SeleniumTest" tests="2" failures="0" timestamp="2021-04-21T13:21:22 EEST" time="0.009" errors="0">
  <testcase name="elementsUi" time="0.001" classname="project.Mavenjava.SeleniumTest"/>
  <system-out/>
  <testcase name="BrowserAutomation" time="0.008" classname="project.Mavenjava.SeleniumTest"/>
  <system-out/>
</testsuite> <!-- project.Mavenjava.SeleniumTest -->
